#
# There is insufficient memory for the Java Runtime Environment to continue.
# Native memory allocation (mmap) failed to map 232783872 bytes for G1 virtual space
# Possible reasons:
#   The system is out of physical RAM or swap space
#   The process is running with CompressedOops enabled, and the Java Heap may be blocking the growth of the native heap
# Possible solutions:
#   Reduce memory load on the system
#   Increase physical memory or swap space
#   Check if swap backing store is full
#   Decrease Java heap size (-Xmx/-Xms)
#   Decrease number of Java threads
#   Decrease Java thread stack sizes (-Xss)
#   Set larger code cache with -XX:ReservedCodeCacheSize=
#   JVM is running with Zero Based Compressed Oops mode in which the Java heap is
#     placed in the first 32GB address space. The Java Heap base address is the
#     maximum limit for the native heap growth. Please use -XX:HeapBaseMinAddress
#     to set the Java Heap base and to place the Java Heap above 32GB virtual address.
# This output file may be truncated or incomplete.
#
#  Out of Memory Error (os_windows.cpp:3528), pid=31340, tid=29904
#
# JRE version:  (20.0+36) (build )
# Java VM: Java HotSpot(TM) 64-Bit Server VM (20+36-2344, mixed mode, sharing, tiered, compressed oops, compressed class ptrs, g1 gc, windows-amd64)
# No core dump will be written. Minidumps are not enabled by default on client versions of Windows
#

---------------  S U M M A R Y ------------

Command Line: -Dmaven.multiModuleProjectDirectory=C:\Users\thanh\untitled -Djansi.passthrough=true -Dmaven.home=C:\Program Files\JetBrains\IntelliJ IDEA Community Edition 2023.1\plugins\maven\lib\maven3 -Dclassworlds.conf=C:\Program Files\JetBrains\IntelliJ IDEA Community Edition 2023.1\plugins\maven\lib\maven3\bin\m2.conf -Dmaven.ext.class.path=C:\Program Files\JetBrains\IntelliJ IDEA Community Edition 2023.1\plugins\maven\lib\maven-event-listener.jar -javaagent:C:\Program Files\JetBrains\IntelliJ IDEA Community Edition 2023.1\lib\idea_rt.jar=52643:C:\Program Files\JetBrains\IntelliJ IDEA Community Edition 2023.1\bin -Dfile.encoding=UTF-8 -Dsun.stdout.encoding=UTF-8 -Dsun.stderr.encoding=UTF-8 org.codehaus.classworlds.Launcher -Didea.version=2023.1 package

Host: AMD Ryzen 7 5800H with Radeon Graphics         , 16 cores, 13G,  Windows 11 , 64 bit Build 22621 (10.0.22621.2506)
Time: Thu Nov  2 00:22:01 2023 Tokyo Standard Time elapsed time: 0.018522 seconds (0d 0h 0m 0s)

---------------  T H R E A D  ---------------

Current thread (0x0000029c0c4d9d40):  JavaThread "Unknown thread" [_thread_in_vm, id=29904, stack(0x0000009c82a00000,0x0000009c82b00000)]

Stack: [0x0000009c82a00000,0x0000009c82b00000]
Native frames: (J=compiled Java code, j=interpreted, Vv=VM code, C=native code)
V  [jvm.dll+0x6bb95a]
V  [jvm.dll+0x8483aa]
V  [jvm.dll+0x849fa5]
V  [jvm.dll+0x84a6a3]
V  [jvm.dll+0x280b0f]
V  [jvm.dll+0x6b86e9]
V  [jvm.dll+0x6ad2da]
V  [jvm.dll+0x35adf5]
V  [jvm.dll+0x363016]
V  [jvm.dll+0x3b3b3e]
V  [jvm.dll+0x3b3dc5]
V  [jvm.dll+0x32b50a]
V  [jvm.dll+0x32c32b]
V  [jvm.dll+0x81106f]
V  [jvm.dll+0x3c0d91]
V  [jvm.dll+0x7fcd93]
V  [jvm.dll+0x44c76f]
V  [jvm.dll+0x44e0e1]
C  [jli.dll+0x5287]
C  [ucrtbase.dll+0x29363]
C  [KERNEL32.DLL+0x1257d]
C  [ntdll.dll+0x5aa58]


---------------  P R O C E S S  ---------------

Threads class SMR info:
_java_thread_list=0x00007ffed957a098, length=0, elements={
}

Java Threads: ( => current thread )

Other Threads:
  0x0000029c0c541db0 WorkerThread "GC Thread#0" [stack: 0x0000009c82b00000,0x0000009c82c00000] [id=6596]
  0x0000029c0c550c20 ConcurrentGCThread "G1 Main Marker" [stack: 0x0000009c82c00000,0x0000009c82d00000] [id=34568]
  0x0000029c0c551df0 WorkerThread "G1 Conc#0" [stack: 0x0000009c82d00000,0x0000009c82e00000] [id=29008]

[error occurred during error reporting (printing all threads), id 0xc0000005, EXCEPTION_ACCESS_VIOLATION (0xc0000005) at pc=0x00007ffed8d5eb47]
VM state: not at safepoint (not fully initialized)

VM Mutex/Monitor currently owned by a thread:  ([mutex/lock_event])
[0x0000029c0c4d4940] Heap_lock - owner thread: 0x0000029c0c4d9d40

Heap address: 0x0000000722400000, size: 3548 MB, Compressed Oops mode: Zero based, Oop shift amount: 3

CDS archive(s) mapped at: [0x0000000000000000-0x0000000000000000-0x0000000000000000), size 0, SharedBaseAddress: 0x0000000800000000, ArchiveRelocationMode: 0.
Narrow klass base: 0x0000000000000000, Narrow klass shift: 0, Narrow klass range: 0x0

GC Precious Log:
 CardTable entry size: 512
 Card Set container configuration: InlinePtr #cards 4 size 8 Array Of Cards #cards 16 size 48 Howl #buckets 8 coarsen threshold 3686 Howl Bitmap #cards 512 size 80 coarsen threshold 460 Card regions per heap region 1 cards per card region 4096

Heap:
 garbage-first heap   total 0K, used 0K [0x0000000722400000, 0x0000000800000000)
  region size 2048K, 0 young (0K), 0 survivors (0K)

[error occurred during error reporting (printing heap information), id 0xc0000005, EXCEPTION_ACCESS_VIOLATION (0xc0000005) at pc=0x00007ffed9133c59]
GC Heap History (0 events):
No events

Dll operation events (1 events):
Event: 0.014 Loaded shared library C:\Program Files\Java\jdk-20\bin\java.dll

Deoptimization events (0 events):
No events

Classes loaded (0 events):
No events

Classes unloaded (0 events):
No events

Classes redefined (0 events):
No events

Internal exceptions (0 events):
No events

VM Operations (0 events):
No events

Events (0 events):
No events


Dynamic libraries:
0x00007ff68d740000 - 0x00007ff68d750000 	C:\Program Files\Java\jdk-20\bin\java.exe
0x00007fff3dfd0000 - 0x00007fff3e1e7000 	C:\WINDOWS\SYSTEM32\ntdll.dll
0x00007fff3c940000 - 0x00007fff3ca04000 	C:\WINDOWS\System32\KERNEL32.DLL
0x00007fff3b7c0000 - 0x00007fff3bb67000 	C:\WINDOWS\System32\KERNELBASE.dll
0x00007fff3bc10000 - 0x00007fff3bd21000 	C:\WINDOWS\System32\ucrtbase.dll
0x00007fff218f0000 - 0x00007fff2190b000 	C:\Program Files\Java\jdk-20\bin\VCRUNTIME140.dll
0x00007fff21c70000 - 0x00007fff21c89000 	C:\Program Files\Java\jdk-20\bin\jli.dll
0x00007fff3ca10000 - 0x00007fff3cac0000 	C:\WINDOWS\System32\ADVAPI32.dll
0x00007fff3d200000 - 0x00007fff3d2a7000 	C:\WINDOWS\System32\msvcrt.dll
0x00007fff3d5a0000 - 0x00007fff3d646000 	C:\WINDOWS\System32\sechost.dll
0x00007fff3d330000 - 0x00007fff3d447000 	C:\WINDOWS\System32\RPCRT4.dll
0x00007fff3dcf0000 - 0x00007fff3de9e000 	C:\WINDOWS\System32\USER32.dll
0x00007fff3b350000 - 0x00007fff3b376000 	C:\WINDOWS\System32\win32u.dll
0x00007fff3dcb0000 - 0x00007fff3dcd9000 	C:\WINDOWS\System32\GDI32.dll
0x00007fff3b6a0000 - 0x00007fff3b7b9000 	C:\WINDOWS\System32\gdi32full.dll
0x00007fff3bb70000 - 0x00007fff3bc0a000 	C:\WINDOWS\System32\msvcp_win.dll
0x00007fff18b50000 - 0x00007fff18de3000 	C:\WINDOWS\WinSxS\amd64_microsoft.windows.common-controls_6595b64144ccf1df_6.0.22621.2506_none_270c5ae97388e100\COMCTL32.dll
0x00007fff34880000 - 0x00007fff3488a000 	C:\WINDOWS\SYSTEM32\VERSION.dll
0x00007fff3d6b0000 - 0x00007fff3d6e1000 	C:\WINDOWS\System32\IMM32.DLL
0x00007fff2d500000 - 0x00007fff2d50c000 	C:\Program Files\Java\jdk-20\bin\vcruntime140_1.dll
0x00007fff14ba0000 - 0x00007fff14c2e000 	C:\Program Files\Java\jdk-20\bin\msvcp140.dll
0x00007ffed8a20000 - 0x00007ffed96b7000 	C:\Program Files\Java\jdk-20\bin\server\jvm.dll
0x00007fff25660000 - 0x00007fff25669000 	C:\WINDOWS\SYSTEM32\WSOCK32.dll
0x00007fff321b0000 - 0x00007fff321e4000 	C:\WINDOWS\SYSTEM32\WINMM.dll
0x00007fff3d2b0000 - 0x00007fff3d321000 	C:\WINDOWS\System32\WS2_32.dll
0x00007fff3a2b0000 - 0x00007fff3a2c8000 	C:\WINDOWS\SYSTEM32\kernel.appcore.dll
0x00007fff23470000 - 0x00007fff2347a000 	C:\Program Files\Java\jdk-20\bin\jimage.dll
0x00007fff38cc0000 - 0x00007fff38ef3000 	C:\WINDOWS\SYSTEM32\DBGHELP.DLL
0x00007fff3c5b0000 - 0x00007fff3c939000 	C:\WINDOWS\System32\combase.dll
0x00007fff3da10000 - 0x00007fff3dae7000 	C:\WINDOWS\System32\OLEAUT32.dll
0x00007fff321f0000 - 0x00007fff32222000 	C:\WINDOWS\SYSTEM32\dbgcore.DLL
0x00007fff3b620000 - 0x00007fff3b69a000 	C:\WINDOWS\System32\bcryptPrimitives.dll
0x00007fff2f140000 - 0x00007fff2f14e000 	C:\Program Files\Java\jdk-20\bin\instrument.dll
0x00007fff1d4c0000 - 0x00007fff1d4e6000 	C:\Program Files\Java\jdk-20\bin\java.dll

dbghelp: loaded successfully - version: 4.0.5 - missing functions: none
symbol engine: initialized successfully - sym options: 0x614 - pdb path: .;C:\Program Files\Java\jdk-20\bin;C:\WINDOWS\SYSTEM32;C:\WINDOWS\WinSxS\amd64_microsoft.windows.common-controls_6595b64144ccf1df_6.0.22621.2506_none_270c5ae97388e100;C:\Program Files\Java\jdk-20\bin\server

VM Arguments:
jvm_args: -Dmaven.multiModuleProjectDirectory=C:\Users\thanh\untitled -Djansi.passthrough=true -Dmaven.home=C:\Program Files\JetBrains\IntelliJ IDEA Community Edition 2023.1\plugins\maven\lib\maven3 -Dclassworlds.conf=C:\Program Files\JetBrains\IntelliJ IDEA Community Edition 2023.1\plugins\maven\lib\maven3\bin\m2.conf -Dmaven.ext.class.path=C:\Program Files\JetBrains\IntelliJ IDEA Community Edition 2023.1\plugins\maven\lib\maven-event-listener.jar -javaagent:C:\Program Files\JetBrains\IntelliJ IDEA Community Edition 2023.1\lib\idea_rt.jar=52643:C:\Program Files\JetBrains\IntelliJ IDEA Community Edition 2023.1\bin -Dfile.encoding=UTF-8 -Dsun.stdout.encoding=UTF-8 -Dsun.stderr.encoding=UTF-8 
java_command: org.codehaus.classworlds.Launcher -Didea.version=2023.1 package
java_class_path (initial): C:\Program Files\JetBrains\IntelliJ IDEA Community Edition 2023.1\plugins\maven\lib\maven3\boot\plexus-classworlds-2.6.0.jar;C:\Program Files\JetBrains\IntelliJ IDEA Community Edition 2023.1\plugins\maven\lib\maven3\boot\plexus-classworlds.license
Launcher Type: SUN_STANDARD

[Global flags]
     intx CICompilerCount                          = 12                                        {product} {ergonomic}
     uint ConcGCThreads                            = 3                                         {product} {ergonomic}
     uint G1ConcRefinementThreads                  = 13                                        {product} {ergonomic}
   size_t G1HeapRegionSize                         = 2097152                                   {product} {ergonomic}
    uintx GCDrainStackTargetSize                   = 64                                        {product} {ergonomic}
   size_t InitialHeapSize                          = 232783872                                 {product} {ergonomic}
   size_t MarkStackSize                            = 4194304                                   {product} {ergonomic}
   size_t MaxHeapSize                              = 3720347648                                {product} {ergonomic}
   size_t MinHeapDeltaBytes                        = 2097152                                   {product} {ergonomic}
   size_t MinHeapSize                              = 8388608                                   {product} {ergonomic}
    uintx NonNMethodCodeHeapSize                   = 7602480                                {pd product} {ergonomic}
    uintx NonProfiledCodeHeapSize                  = 122027880                              {pd product} {ergonomic}
    uintx ProfiledCodeHeapSize                     = 122027880                              {pd product} {ergonomic}
    uintx ReservedCodeCacheSize                    = 251658240                              {pd product} {ergonomic}
     bool SegmentedCodeCache                       = true                                      {product} {ergonomic}
   size_t SoftMaxHeapSize                          = 3720347648                             {manageable} {ergonomic}
     bool UseCompressedClassPointers               = true                           {product lp64_product} {ergonomic}
     bool UseCompressedOops                        = true                           {product lp64_product} {ergonomic}
     bool UseG1GC                                  = true                                      {product} {ergonomic}
     bool UseLargePagesIndividualAllocation        = false                                  {pd product} {ergonomic}

Logging:
Log output configuration:
 #0: stdout all=warning uptime,level,tags foldmultilines=false
 #1: stderr all=off uptime,level,tags foldmultilines=false

Environment Variables:
PATH=C:\Program Files\Common Files\Oracle\Java\javapath;C:\Program Files (x86)\Common Files\Oracle\Java\javapath;C:\ProgramData\Oracle\Java\javapath;C:\Windows\system32;C:\Windows;C:\Windows\System32\Wbem;C:\Windows\System32\WindowsPowerShell\v1.0\;C:\Windows\System32\OpenSSH\;C:\Program Files\WorldPainter;C:\Program Files\NVIDIA Corporation\NVIDIA NvDLISR;C:\WINDOWS\system32;C:\WINDOWS;C:\WINDOWS\System32\Wbem;C:\WINDOWS\System32\WindowsPowerShell\v1.0\;C:\WINDOWS\System32\OpenSSH\;C:\ProgramData\chocolatey\bin;C:\Program Files (x86)\NVIDIA Corporation\PhysX\Common;C:\Program Files\dotnet\;C:\Program Files\Microsoft SQL Server\150\Tools\Binn\;C:\Program Files\Microsoft SQL Server\Client SDK\ODBC\170\Tools\Binn\;C:\Program Files\nodejs\;C:\Program Files\Git\cmd;C:\Users\thanh\AppData\Local\Microsoft\WindowsApps;;C:\Users\thanh\AppData\Local\Programs\Microsoft VS Code\bin;C:\Users\thanh\.dotnet\tools;C:\Users\thanh\AppData\Roaming\npm
USERNAME=thanh
OS=Windows_NT
PROCESSOR_IDENTIFIER=AMD64 Family 25 Model 80 Stepping 0, AuthenticAMD
TMP=C:\Users\thanh\AppData\Local\Temp
TEMP=C:\Users\thanh\AppData\Local\Temp




---------------  S Y S T E M  ---------------

OS:
 Windows 11 , 64 bit Build 22621 (10.0.22621.2506)
OS uptime: 4 days 19:29 hours
Hyper-V role detected

CPU: total 16 (initial active 16) (16 cores per cpu, 2 threads per core) family 25 model 80 stepping 0 microcode 0x0, cx8, cmov, fxsr, ht, mmx, 3dnowpref, sse, sse2, sse3, ssse3, sse4a, sse4.1, sse4.2, popcnt, lzcnt, tsc, tscinvbit, avx, avx2, aes, erms, clmul, bmi1, bmi2, adx, sha, fma, vzeroupper, clflush, clflushopt, hv, rdtscp, rdpid, fsrm, f16c, cet_ss

Memory: 4k page, system-wide physical 14188M (994M free)
TotalPageFile size 57196M (AvailPageFile size 10M)
current process WorkingSet (physical memory assigned to process): 11M, peak: 11M
current process commit charge ("private bytes"): 70M, peak: 292M

vm_info: Java HotSpot(TM) 64-Bit Server VM (20+36-2344) for windows-amd64 JRE (20+36-2344), built on 2023-02-10T19:30:15Z by "mach5one" with MS VC++ 17.1 (VS2022)

END.
